DEBUG main org.apache.http.client.protocol.RequestAddCookies - CookieSpec selected: default
DEBUG main org.apache.http.client.protocol.RequestAuthCache - Auth cache not set in the context
DEBUG main org.apache.http.impl.conn.PoolingHttpClientConnectionManager - Connection request: [route: {s}->https://www.baidu.com:443][total kept alive: 0; route allocated: 0 of 2; total allocated: 0 of 20]
DEBUG main org.apache.http.impl.conn.PoolingHttpClientConnectionManager - Connection leased: [id: 0][route: {s}->https://www.baidu.com:443][total kept alive: 0; route allocated: 1 of 2; total allocated: 1 of 20]
DEBUG main org.apache.http.impl.execchain.MainClientExec - Opening connection {s}->https://www.baidu.com:443
DEBUG main org.apache.http.impl.conn.DefaultHttpClientConnectionOperator - Connecting to www.baidu.com/14.215.177.37:443
DEBUG main org.apache.http.conn.ssl.SSLConnectionSocketFactory - Connecting socket to www.baidu.com/14.215.177.37:443 with timeout 0
DEBUG main org.apache.http.conn.ssl.SSLConnectionSocketFactory - Enabled protocols: [TLSv1, TLSv1.1, TLSv1.2]
DEBUG main org.apache.http.conn.ssl.SSLConnectionSocketFactory - Enabled cipher suites:[TLS_ECDHE_ECDSA_WITH_AES_128_CBC_SHA256, TLS_ECDHE_RSA_WITH_AES_128_CBC_SHA256, TLS_RSA_WITH_AES_128_CBC_SHA256, TLS_ECDH_ECDSA_WITH_AES_128_CBC_SHA256, TLS_ECDH_RSA_WITH_AES_128_CBC_SHA256, TLS_DHE_RSA_WITH_AES_128_CBC_SHA256, TLS_DHE_DSS_WITH_AES_128_CBC_SHA256, TLS_ECDHE_ECDSA_WITH_AES_128_CBC_SHA, TLS_ECDHE_RSA_WITH_AES_128_CBC_SHA, TLS_RSA_WITH_AES_128_CBC_SHA, TLS_ECDH_ECDSA_WITH_AES_128_CBC_SHA, TLS_ECDH_RSA_WITH_AES_128_CBC_SHA, TLS_DHE_RSA_WITH_AES_128_CBC_SHA, TLS_DHE_DSS_WITH_AES_128_CBC_SHA, TLS_ECDHE_ECDSA_WITH_AES_128_GCM_SHA256, TLS_ECDHE_RSA_WITH_AES_128_GCM_SHA256, TLS_RSA_WITH_AES_128_GCM_SHA256, TLS_ECDH_ECDSA_WITH_AES_128_GCM_SHA256, TLS_ECDH_RSA_WITH_AES_128_GCM_SHA256, TLS_DHE_RSA_WITH_AES_128_GCM_SHA256, TLS_DHE_DSS_WITH_AES_128_GCM_SHA256, TLS_ECDHE_ECDSA_WITH_3DES_EDE_CBC_SHA, TLS_ECDHE_RSA_WITH_3DES_EDE_CBC_SHA, SSL_RSA_WITH_3DES_EDE_CBC_SHA, TLS_ECDH_ECDSA_WITH_3DES_EDE_CBC_SHA, TLS_ECDH_RSA_WITH_3DES_EDE_CBC_SHA, SSL_DHE_RSA_WITH_3DES_EDE_CBC_SHA, SSL_DHE_DSS_WITH_3DES_EDE_CBC_SHA, TLS_EMPTY_RENEGOTIATION_INFO_SCSV]
DEBUG main org.apache.http.conn.ssl.SSLConnectionSocketFactory - Starting handshake
DEBUG main org.apache.http.conn.ssl.SSLConnectionSocketFactory - Secure session established
DEBUG main org.apache.http.conn.ssl.SSLConnectionSocketFactory -  negotiated protocol: TLSv1.2
DEBUG main org.apache.http.conn.ssl.SSLConnectionSocketFactory -  negotiated cipher suite: TLS_ECDHE_RSA_WITH_AES_128_GCM_SHA256
DEBUG main org.apache.http.conn.ssl.SSLConnectionSocketFactory -  peer principal: CN=baidu.com, OU=service operation department., O="BeiJing Baidu Netcom Science Technology Co., Ltd", L=beijing, ST=beijing, C=CN
DEBUG main org.apache.http.conn.ssl.SSLConnectionSocketFactory -  peer alternative names: [*.baidu.com, *.baifubao.com, *.bdstatic.com, *.hao123.com, *.nuomi.com, *.bce.baidu.com, *.eyun.baidu.com, *.map.baidu.com, baidu.com, baifubao.com, www.baidu.cn, www.baidu.com.cn, click.hm.baidu.com, log.hm.baidu.com, cm.pos.baidu.com, wn.pos.baidu.com, update.pan.baidu.com, mct.y.nuomi.com]
DEBUG main org.apache.http.conn.ssl.SSLConnectionSocketFactory -  issuer principal: CN=Symantec Class 3 Secure Server CA - G4, OU=Symantec Trust Network, O=Symantec Corporation, C=US
DEBUG main org.apache.http.impl.conn.DefaultHttpClientConnectionOperator - Connection established 192.168.1.136:4055<->14.215.177.37:443
DEBUG main org.apache.http.impl.execchain.MainClientExec - Executing request GET / HTTP/1.1
DEBUG main org.apache.http.impl.execchain.MainClientExec - Target auth state: UNCHALLENGED
DEBUG main org.apache.http.impl.execchain.MainClientExec - Proxy auth state: UNCHALLENGED
DEBUG main org.apache.http.headers - http-outgoing-0 >> GET / HTTP/1.1
DEBUG main org.apache.http.headers - http-outgoing-0 >> Host: www.baidu.com
DEBUG main org.apache.http.headers - http-outgoing-0 >> Connection: Keep-Alive
DEBUG main org.apache.http.headers - http-outgoing-0 >> User-Agent: Apache-HttpClient/4.5.3 (Java/1.8.0_131)
DEBUG main org.apache.http.headers - http-outgoing-0 >> Accept-Encoding: gzip,deflate
DEBUG main org.apache.http.wire - http-outgoing-0 >> "GET / HTTP/1.1[\r][\n]"
DEBUG main org.apache.http.wire - http-outgoing-0 >> "Host: www.baidu.com[\r][\n]"
DEBUG main org.apache.http.wire - http-outgoing-0 >> "Connection: Keep-Alive[\r][\n]"
DEBUG main org.apache.http.wire - http-outgoing-0 >> "User-Agent: Apache-HttpClient/4.5.3 (Java/1.8.0_131)[\r][\n]"
DEBUG main org.apache.http.wire - http-outgoing-0 >> "Accept-Encoding: gzip,deflate[\r][\n]"
DEBUG main org.apache.http.wire - http-outgoing-0 >> "[\r][\n]"
DEBUG main org.apache.http.wire - http-outgoing-0 << "HTTP/1.1 200 OK[\r][\n]"
DEBUG main org.apache.http.wire - http-outgoing-0 << "Cache-Control: private, no-cache, no-store, proxy-revalidate, no-transform[\r][\n]"
DEBUG main org.apache.http.wire - http-outgoing-0 << "Connection: Keep-Alive[\r][\n]"
DEBUG main org.apache.http.wire - http-outgoing-0 << "Content-Encoding: gzip[\r][\n]"
DEBUG main org.apache.http.wire - http-outgoing-0 << "Content-Type: text/html[\r][\n]"
DEBUG main org.apache.http.wire - http-outgoing-0 << "Date: Sat, 22 Jul 2017 02:16:33 GMT[\r][\n]"
DEBUG main org.apache.http.wire - http-outgoing-0 << "Last-Modified: Mon, 23 Jan 2017 13:24:18 GMT[\r][\n]"
DEBUG main org.apache.http.wire - http-outgoing-0 << "Pragma: no-cache[\r][\n]"
DEBUG main org.apache.http.wire - http-outgoing-0 << "Server: bfe/1.0.8.18[\r][\n]"
DEBUG main org.apache.http.wire - http-outgoing-0 << "Set-Cookie: BDORZ=27315; max-age=86400; domain=.baidu.com; path=/[\r][\n]"
DEBUG main org.apache.http.wire - http-outgoing-0 << "Transfer-Encoding: chunked[\r][\n]"
DEBUG main org.apache.http.wire - http-outgoing-0 << "[\r][\n]"
DEBUG main org.apache.http.wire - http-outgoing-0 << "499[\r][\n]"
DEBUG main org.apache.http.wire - http-outgoing-0 << "[0x1f][0x8b][0x8][0x0][0x0][0x0][0x0][0x0][0x0][0x3][0x8d]Vok[0xdb]F[0x18]_[0xe8]w[0xb8]j$i[0x9][0xb6]b[0x9b][0xd0],[0x96][0x14][0xbc]4[0x83]PX[0xcb][0x9a][0xc0][0xf2][0xca][0x9c][0xa4][0x93]u[0x89][0xa4]Su'+[0xee][0xab][0x5][0xd6][0xb1][0xb1]u[0xd9][0xe8][0xfe][0xb0]u[0xb0]1[0xb6]f/[0x6][0xcd]X`%][0xda]/c[0xa5][0xc9][0xab]}[0x85]='[0x9d]c;q[0xe8][0x8c]A[0xba][0xe7][0x9e][0xfb]=[0xbf][0xe7][0xef][0xc9][0xb8]v[0xeb][0xce][0xf2][0xda][0xc6][0xdd][0x15][0xe4][0x8b]0[0xb0][0xae]^1[0xae]U*[0xf7][0xd6]Zk[0xeb][0xf7][0xd0][0x9d][0xdb][0x95][0x8a]e[0x14]rd[0xf8][0x4][0xbb][0x96][0x11][0x12][0x81]AS[0xc4][0x15]r?[0xa5]][0xd3]a[0x91] [0x91][0xa8][0x88]^L[0x90]Z[0x98][0x82]l[0xb]][0x1e]k:>N8[0x11]f*[0xbc][0xca][0xc2][0xc5][0xd3][0x1f]T[0xd6][[0x95]e[0x16][0xc6]XP;[0x18][0x2][0xac][0xae][0x98]+n[0x87][0xa8][0x3][0x3]X[0x1c]d[0xb8][0xc7]Q[0x84]Cb&[0xc4]#IB[0x12][0xcb][0x8]h[0xb4][0x85][0x12][0x12][0x98]\[0xf4][0x2][0xc2]}B[0x4][0x92]lJ[0x16][0xe][0xe7][0xc8][0x7]eSr[0xe6][0x8b][0xba][0xce]y[0xad]j[0xbb]\[0x80]E[0xa7][0xea][0xb0]P[0x9f]'[0xef][0xd5][0xec][0xcd][0xfb][0xb][0xad][0xd6][0xfa]FX[0xd0]a[0x1b][0x8d][0xdb]z[0xa2]gY[0xa6];[0xd8][0xf1][0x89]n[0xbb],y[0xa0][0xdb][0x98][0xba]i5[0xa4]Q[0x15] -CP[0x11][0x10][0xeb][0xf5][0xf7]/[0xf3][0xc3][0xa7][0xfd][0xe7][0x1f][0xf6][0x9f][0xf6][0xef]?[0x9f][0xf7][0x8f]~[0xce][0xf7][0xff]|[0xfd][0xd3]o[0xa7];[0x8f][\r][0xbd]T1[0xf4]"p[0xc8][0xb0][0x99][0xdb]C[0x92][0xac][0xf9][0xd6][0x1c][0xfc][0x1c][0xc7]B[0x86]K[0xbb][0x88][0xba]f[0x96][0xe0]8[0x6]_[0xce][0x4][0xea][0x88][0xdc]v[0x2][0xcc][0xb9])[0x5][0xed]q[0xb5]r[0x83][0xb7]=[0x96][0x84][0xea][0xe4][0xa8][0xe8][0x9c]6X[0x9]:[0xa0]F[0xc3][0xe][0xf2][0xa9]K<[0xe6][0xa4][0xdc][0x14]IJ[0x10]O[0x1c]S[0x97][0xfe]VK[0x1f]eP@[\r][0xfc]n[0x7][0xac][0xc3]j[0xd5]8[0xea][0xa0][0x8c][0xba][0xc2]7[0xeb]7[0xe7][0x90]Oh[0xc7][0x17]f[0xad][0xfe]6[0xc0][0xe9]@[0x11][0x1e][0x92][0x83]t[0xa4]x[0x16][0xf9][0xf1][0x10]v[0x4]e[0xd1][0x5]d[0xae]<[0xf2]$i[0x1a][0xc5][0xa9][0xca][0x16][0x90]rIT&[0xb7][0x88]x[0x1b]x[0x10][0xd4][0xc5]AJ[0xcc][0xda][0xe5][0xba]t[0xa0]S[0x96][0xd8][0xa5][0x98][0x9e][0x82]Z[0xb8][0x1c]*[0xe1][0xdd][0xb6][0x1d][0xbf][0xd9][0xa4][0xd4][0xa3][0xee][0xf6][0x9b][0x15]E[0xa4]t[0x8a][0xc0]Z[0x6][0x8f]q[0xa4][0xdc][0xd7][0xec][0xe][0xe2]m[0x1a][0xb][0xc8][0x93]f[0xa9]@@[0x4][0xb7][0xb2]2[0x4][0x99][0xab][0x14][0xb][0xa5][0x12][0x6][0x85]x; QG&b~[0x1e][0xe1]T0[0x88]Q[0x1c][0x10]AL[0xe6]A[0xc4]AP[0xe6][0xf5][0xec][0xcd]2tit[0x82]i[D[0xa3][0xa6][0x8b][0x8e][0xe1][0xa9][0x1d]R![0x13][0xc9]S[0xc5]|[0xb4][0xc2][0xc7][0xa8][0xc3]ymhq`[0x7]*B[0xd5][0xa3][0xaa][0xc][0xf5]P[0x85][0x9e][0xca]D[0xc2][0xfc][0x18]4$[0xf4]cD2>,[0xbc][0xd2]y[0xb1][0xd9][0x16][0x89][0xdc]P[0x16][0xc3][0x8]w[0xad][0xe3]o[0xf7]O[0xbf]{a[0xe8]x[0x1c]B[0xf6][0xb4][0xac]][0x1f][0xb3]Z[0xbd]!;z[0x4][0xa3][0x14][0x8e][0xa2][0x94][0x92][0xb]([0x0][0x12][0xe2]x"[0xf][0x90][0x8f][0x2][0xe4]?[0xee][0xe7]O^N[0x2][0xe8]N<[0xde][0x85]fc[0xa3][0x0]'{[0x1f][0x9f][0xfe][0xf2][0xd5]$[0x0]A[0x89][0x8d]'[0x82][0x14];c [0x7][0x7][0xf9][0x97]{%H[0xc4][0xb8][0x93]@%[0x8d][0xc7]E[0x85]e[0xd8][0xd2][0xe5][0x18][0x83][0x8e][0x86][0x11][0xd6][0xa1][0xde]R[0xf1]6[0x8d][0xc3][0xb8])[0xe2][0xc0][0xc][0xa3][0xe2]5-[0xe6][0xe4]T[0xa3]5U[0x17][0xfe]cCa[0xaa][0xee]M5[0xbc]aoN5[0xdc][0xda]Y[0xac][0xb]4[0xc5]0[0xb0]a0[0xbe][0xc8][0x8f][0xbe])[0xf9][0xe9]#[0x4][0x15]S[0x17][0xa6]O[0x8][0xd7]F5K[0xa8] [0xd7]g[0x6]5[0xa1][0xc9])[0xfd]?[0x99]+[0xd6][0xa9]93[0x8b]H[0xe4]0[0x97][0xac][0xbf][0xbf][0xba][0xc][0xfd][0xc0]"@[0xbe][0x9e][0xd1][0xc8]eY5`[0xe]Lz[0x16]Ue[0xcd][0xcd][0xa2][0xb]bNp[0xe2][0xf8][0xc8]4M[0xa4]ih[0x9]iK[0x1a]ZD[0xda][0xb4]vc[0x16]iC_[0xcd][0x9a][0x14][0xcc]h[0xa5][0xbf][0x1a][0x14]h[0xe1][0xb0][0xa6]<[0xd6][0x2][[0x1b][0xf1]y[0xe6]F[0xf3][0xea][0x15]t[0xee][0x7][0x9d]x.M[0xe7][0x87]n[0xc8][0x12][0xa2][0x9f]E[0xd4]N([0x85][0x9b]OY[0x80][0x15]*.8Ss)[0x8f][0x3][0xdc][D68[0xb7][0xd5][0xd4][0xac][0xe3]'[0x7][0xf9][0xaf]?[0xf4][0xf][0xf7][0xf2][0xc7];*[0xe4][0xe5]X[0x9e][0xd8][0x83][0x9e]Xf[0x11][0xd4][0x8a]j[0xc9]b[0x99][0xc1]:[0x96]}[0x1f][0xf8][0x17][0xaa][0xc8][0x87]1<,J+[0xf8]W[0xff][0xf0][0x8b]r,L*b[0x9a][0x8c]([0xb7]l[0x6][0xf3][0xfd][0x1d]yu*b[0xf1][0xc0][0x92][0x13][[0xd3][0xe][0x8b]{[0xcd][0xfa]\[0xed][0xe6]td[0xf3][0xb8]Y[0xe8][0x95][0xaf][0x83][0x82][0x98]X[0xf]n*z[0xba][0xd5]?z[0xf5][0xfa][0xeb][0xdf]K"[0xf9][0xa7][0x8f][0xf2]W[0xf]O[0x9e][0x15][0xe3][0xa1]D8?g6)[0x8e]zt[0xc8]MW[0x81]u[0xe2][0x8a]G[0x88]kcg[0xcb]:[0xfe]h[0xf7]do'[0xdf]}t[0xfa][0xf4][0x13][0xc9][0xb7]D[0xea][0x1f][0xfe][0xb1][0xba]|[0xf7][0xe4][0xd9][0xce]\[0x3][0xa8]6[0xf2][0xdd][0xbf][0x7][0x16][0xe4]ez[0xd9][0xed][0xd9][0xe1][0xb2][0xcb][0xc0][][0xba]<[0x9e][0x89][0xc1]J~[0x12][0xc8]M[0xf5][0xe5][0xf5][0x1f]0[0xc][0x81][0x9a][0x8b][0x9][0x0][0x0][\r][\n]"
DEBUG main org.apache.http.headers - http-outgoing-0 << HTTP/1.1 200 OK
DEBUG main org.apache.http.headers - http-outgoing-0 << Cache-Control: private, no-cache, no-store, proxy-revalidate, no-transform
DEBUG main org.apache.http.headers - http-outgoing-0 << Connection: Keep-Alive
DEBUG main org.apache.http.headers - http-outgoing-0 << Content-Encoding: gzip
DEBUG main org.apache.http.headers - http-outgoing-0 << Content-Type: text/html
DEBUG main org.apache.http.headers - http-outgoing-0 << Date: Sat, 22 Jul 2017 02:16:33 GMT
DEBUG main org.apache.http.headers - http-outgoing-0 << Last-Modified: Mon, 23 Jan 2017 13:24:18 GMT
DEBUG main org.apache.http.headers - http-outgoing-0 << Pragma: no-cache
DEBUG main org.apache.http.headers - http-outgoing-0 << Server: bfe/1.0.8.18
DEBUG main org.apache.http.headers - http-outgoing-0 << Set-Cookie: BDORZ=27315; max-age=86400; domain=.baidu.com; path=/
DEBUG main org.apache.http.headers - http-outgoing-0 << Transfer-Encoding: chunked
DEBUG main org.apache.http.impl.execchain.MainClientExec - Connection can be kept alive indefinitely
DEBUG main org.apache.http.client.protocol.ResponseProcessCookies - Cookie accepted [BDORZ="27315", version:0, domain:baidu.com, path:/, expiry:null]
DEBUG main org.apache.http.wire - http-outgoing-0 << "0[\r][\n]"
DEBUG main org.apache.http.wire - http-outgoing-0 << "[\r][\n]"
DEBUG main org.apache.http.impl.conn.PoolingHttpClientConnectionManager - Connection [id: 0][route: {s}->https://www.baidu.com:443] can be kept alive indefinitely
DEBUG main org.apache.http.impl.conn.PoolingHttpClientConnectionManager - Connection released: [id: 0][route: {s}->https://www.baidu.com:443][total kept alive: 1; route allocated: 1 of 2; total allocated: 1 of 20]
